<?xml version="1.0" encoding="UTF-8"?>
<!-- Generated by org.testng.reporters.JUnitXMLReporter -->
<testsuite ignored="0" hostname="DESKTOP-VVCN89N" failures="0" tests="2" name="Test" time="10.64" errors="0" timestamp="2023-05-13T14:51:57 IST">
  <testcase classname="testcases.VerifyCheckboxesAndRadioButtonBehaviour" name="verifyCheckboxesAndRadioButtonBehaviour" time="0.123"/>
  <testcase classname="testcases.VerifyOmayoBlogHomePage" name="verifyOmayoHomePage" time="0.392"/>
</testsuite> <!-- Test -->
