<?xml version="1.0" encoding="UTF-8"?>
<testng-results ignored="0" total="1" passed="1" failed="0" skipped="0">
  <reporter-output>
  </reporter-output>
  <suite started-at="2023-05-13T14:56:07 IST" name="Default suite" finished-at="2023-05-13T14:56:12 IST" duration-ms="5624">
    <groups>
      <group name="e2e">
        <method signature="VerifyCheckboxesAndRadioButtonBehaviour.verifyCheckboxesAndRadioButtonBehaviour()[pri:1, instance:testcases.VerifyCheckboxesAndRadioButtonBehaviour@3daa422a]" name="verifyCheckboxesAndRadioButtonBehaviour" class="testcases.VerifyCheckboxesAndRadioButtonBehaviour"/>
      </group> <!-- e2e -->
    </groups>
    <test started-at="2023-05-13T14:56:07 IST" name="Default test" finished-at="2023-05-13T14:56:12 IST" duration-ms="5624">
      <class name="testcases.VerifyCheckboxesAndRadioButtonBehaviour">
        <test-method is-config="true" signature="setup()[pri:0, instance:testcases.VerifyCheckboxesAndRadioButtonBehaviour@3daa422a]" started-at="2023-05-13T14:56:07 IST" name="setup" finished-at="2023-05-13T14:56:12 IST" duration-ms="5224" status="PASS">
          <reporter-output>
          </reporter-output>
        </test-method> <!-- setup -->
        <test-method signature="verifyCheckboxesAndRadioButtonBehaviour()[pri:1, instance:testcases.VerifyCheckboxesAndRadioButtonBehaviour@3daa422a]" started-at="2023-05-13T14:56:12 IST" name="verifyCheckboxesAndRadioButtonBehaviour" finished-at="2023-05-13T14:56:12 IST" duration-ms="131" status="PASS">
          <reporter-output>
          </reporter-output>
        </test-method> <!-- verifyCheckboxesAndRadioButtonBehaviour -->
        <test-method is-config="true" signature="tearDown(org.testng.ITestResult)[pri:0, instance:testcases.VerifyCheckboxesAndRadioButtonBehaviour@3daa422a]" started-at="2023-05-13T14:56:12 IST" name="tearDown" finished-at="2023-05-13T14:56:12 IST" duration-ms="232" status="PASS">
          <params>
            <param index="0">
              <value>
                <![CDATA[[TestResult name=verifyCheckboxesAndRadioButtonBehaviour status=SUCCESS method=VerifyCheckboxesAndRadioButtonBehaviour.verifyCheckboxesAndRadioButtonBehaviour()[pri:1, instance:testcases.VerifyCheckboxesAndRadioButtonBehaviour@3daa422a] output={null}]]]>
              </value>
            </param>
          </params>
          <reporter-output>
          </reporter-output>
        </test-method> <!-- tearDown -->
      </class> <!-- testcases.VerifyCheckboxesAndRadioButtonBehaviour -->
    </test> <!-- Default test -->
  </suite> <!-- Default suite -->
</testng-results>
